[USER] 2024-10-25 10:00:01 - Kevin: Login
[USER] 2024-10-25 10:01:12 - Manuel: View dashboard
[USER] 2024-10-25 10:02:23 - Kevin: Logout
[USER] 2024-10-25 10:03:34 - José Luis: Update profile
[USER] 2024-10-25 10:04:45 - Manuel: Login
[USER] 2024-10-25 10:05:56 - Aroa: View reports
[USER] 2024-10-25 10:06:07 - Kevin: Login
[USER] 2024-10-25 10:07:18 - Manuel: Logout
[USER] 2024-10-25 10:08:29 - José Luis: Add new item
[USER] 2024-10-25 10:09:30 - Aroa: Logout
[USER] 2024-10-25 10:10:41 - Kevin: View item
[USER] 2024-10-25 10:11:52 - Manuel: Update profile
[USER] 2024-10-25 10:12:03 - José Luis: Login
[USER] 2024-10-25 10:13:14 - Kevin: Add to cart
[USER] 2024-10-25 10:14:25 - Aroa: Checkout
[USER] 2024-10-25 10:15:36 - Manuel: View item
[USER] 2024-10-25 10:16:47 - José Luis: Logout
[USER] 2024-10-25 10:17:58 - Kevin: Login
[USER] 2024-10-25 10:18:09 - Aroa: Update profile
[USER] 2024-10-25 10:19:20 - Manuel: View reports
[USER] 2024-10-25 10:20:31 - José Luis: Checkout
[USER] 2024-10-25 10:21:42 - Aroa: Logout
[USER] 2024-10-25 10:22:53 - Kevin: Login
[USER] 2024-10-25 10:23:04 - Manuel: Logout
[USER] 2024-10-25 10:24:15 - José Luis: View item
[USER] 2024-10-25 10:25:26 - Aroa: Checkout
[USER] 2024-10-25 10:26:37 - Kevin: Update profile
[USER] 2024-10-25 10:27:48 - Manuel: View dashboard
[USER] 2024-10-25 10:28:59 - José Luis: Logout
[USER] 2024-10-25 10:30:00 - Aroa: Add to cart
[USER] 2024-10-25 10:31:11 - Kevin: Login
[USER] 2024-10-25 10:32:22 - Manuel: Logout
[USER] 2024-10-25 10:33:33 - José Luis: View item
[USER] 2024-10-25 10:34:44 - Aroa: Checkout
[USER] 2024-10-25 10:35:55 - Kevin: Login
[USER] 2024-10-25 10:36:06 - Manuel: Update profile
[USER] 2024-10-25 10:37:17 - José Luis: View reports
[USER] 2024-10-25 10:38:28 - Aroa: Add new item
[USER] 2024-10-25 10:39:39 - Kevin: Logout
[USER] 2024-10-25 10:40:50 - Manuel: View dashboard
[USER] 2024-10-25 10:41:01 - José Luis: Login
[USER] 2024-10-25 10:42:12 - Aroa: Checkout
[USER] 2024-10-25 10:43:23 - Kevin: Add to cart
[USER] 2024-10-25 10:44:34 - Manuel: View item
[USER] 2024-10-25 10:45:45 - José Luis: Logout
[USER] 2024-10-25 10:46:56 - Aroa: Update profile
[USER] 2024-10-25 10:47:07 - Kevin: Login
[USER] 2024-10-25 10:48:18 - Manuel: Checkout
[USER] 2024-10-25 10:49:29 - José Luis: View reports
[USER] 2024-10-25 10:50:40 - Aroa: Logout
[USER] 2024-10-25 10:51:51 - Kevin: Login
[USER] 2024-10-25 10:52:02 - Manuel: Add new item
[USER] 2024-10-25 10:53:13 - José Luis: View item
[USER] 2024-10-25 10:54:24 - Aroa: Logout
[USER] 2024-10-25 10:55:35 - Kevin: Login
[USER] 2024-10-25 10:56:46 - Manuel: Update profile
[USER] 2024-10-25 10:57:57 - José Luis: Checkout
[USER] 2024-10-25 10:58:08 - Aroa: View dashboard
[USER] 2024-10-25 10:59:19 - Kevin: Logout
[USER] 2024-10-25 11:00:30 - Manuel: View item
[USER] 2024-10-25 11:01:41 - José Luis: Login
[USER] 2024-10-25 11:02:52 - Aroa: Update profile
[USER] 2024-10-25 11:03:03 - Kevin: Logout
[USER] 2024-10-25 11:04:14 - Manuel: Checkout
[USER] 2024-10-25 11:05:25 - José Luis: View reports
[USER] 2024-10-25 11:06:36 - Aroa: Login
[USER] 2024-10-25 11:07:47 - Kevin: Add to cart
[USER] 2024-10-25 11:08:58 - Manuel: Logout
[USER] 2024-10-25 11:09:09 - José Luis: View dashboard
[USER] 2024-10-25 11:10:20 - Aroa: Logout
[USER] 2024-10-25 11:11:31 - Kevin: Login
[USER] 2024-10-25 11:12:42 - Manuel: View item
[USER] 2024-10-25 11:13:53 - José Luis: Checkout
[USER] 2024-10-25 11:15:04 - Aroa: Update profile
