[ERROR] 2024-10-25 10:00:01 - 404: Page not found
[ERROR] 2024-10-25 10:05:12 - 500: Internal server error
[ERROR] 2024-10-25 10:06:23 - 403: Forbidden access
[ERROR] 2024-10-25 10:07:34 - 401: Unauthorized user
[ERROR] 2024-10-25 10:08:45 - 503: Service unavailable
[ERROR] 2024-10-25 10:09:56 - 502: Bad gateway
[ERROR] 2024-10-25 10:10:07 - 408: Request timeout
[ERROR] 2024-10-25 10:11:18 - 400: Bad request
[ERROR] 2024-10-25 10:12:29 - 429: Too many requests
[ERROR] 2024-10-25 10:13:30 - 500: Internal server error
[ERROR] 2024-10-25 10:14:41 - 403: Forbidden access
[ERROR] 2024-10-25 10:15:52 - 404: Page not found
[ERROR] 2024-10-25 10:16:03 - 500: Internal server error
[ERROR] 2024-10-25 10:17:14 - 503: Service unavailable
[ERROR] 2024-10-25 10:18:25 - 401: Unauthorized user
[ERROR] 2024-10-25 10:19:36 - 429: Too many requests
[ERROR] 2024-10-25 10:20:47 - 400: Bad request
[ERROR] 2024-10-25 10:21:58 - 502: Bad gateway
[ERROR] 2024-10-25 10:22:09 - 404: Page not found
[ERROR] 2024-10-25 10:23:10 - 500: Internal server error
[ERROR] 2024-10-25 10:24:21 - 403: Forbidden access
[ERROR] 2024-10-25 10:25:32 - 401: Unauthorized user
[ERROR] 2024-10-25 10:26:43 - 503: Service unavailable
[ERROR] 2024-10-25 10:27:54 - 502: Bad gateway
[ERROR] 2024-10-25 10:28:05 - 408: Request timeout
[ERROR] 2024-10-25 10:29:16 - 400: Bad request
[ERROR] 2024-10-25 10:30:27 - 429: Too many requests
[ERROR] 2024-10-25 10:31:38 - 500: Internal server error
[ERROR] 2024-10-25 10:32:49 - 403: Forbidden access
[ERROR] 2024-10-25 10:33:50 - 404: Page not found
[ERROR] 2024-10-25 10:34:01 - 500: Internal server error
[ERROR] 2024-10-25 10:35:12 - 503: Service unavailable
[ERROR] 2024-10-25 10:36:23 - 401: Unauthorized user
[ERROR] 2024-10-25 10:37:34 - 429: Too many requests
[ERROR] 2024-10-25 10:38:45 - 400: Bad request
[ERROR] 2024-10-25 10:39:56 - 502: Bad gateway
[ERROR] 2024-10-25 10:40:07 - 404: Page not found
[ERROR] 2024-10-25 10:41:18 - 500: Internal server error
[ERROR] 2024-10-25 10:42:29 - 403: Forbidden access
[ERROR] 2024-10-25 10:43:30 - 401: Unauthorized user
[ERROR] 2024-10-25 10:44:41 - 503: Service unavailable
[ERROR] 2024-10-25 10:45:52 - 502: Bad gateway
[ERROR] 2024-10-25 10:46:03 - 408: Request timeout
[ERROR] 2024-10-25 10:47:14 - 400: Bad request
[ERROR] 2024-10-25 10:48:25 - 429: Too many requests
[ERROR] 2024-10-25 10:49:36 - 500: Internal server error
[ERROR] 2024-10-25 10:50:47 - 403: Forbidden access
[ERROR] 2024-10-25 10:51:58 - 404: Page not found
[ERROR] 2024-10-25 10:52:09 - 500: Internal server error
[ERROR] 2024-10-25 10:53:10 - 503: Service unavailable
[ERROR] 2024-10-25 10:54:21 - 401: Unauthorized user
[ERROR] 2024-10-25 10:55:32 - 429: Too many requests
[ERROR] 2024-10-25 10:56:43 - 400: Bad request
[ERROR] 2024-10-25 10:57:54 - 502: Bad gateway
[ERROR] 2024-10-25 10:58:05 - 404: Page not found
[ERROR] 2024-10-25 10:59:16 - 500: Internal server error
[ERROR] 2024-10-25 11:00:27 - 403: Forbidden access
[ERROR] 2024-10-25 11:01:38 - 401: Unauthorized user
[ERROR] 2024-10-25 11:02:49 - 503: Service unavailable
[ERROR] 2024-10-25 11:03:50 - 502: Bad gateway
[ERROR] 2024-10-25 11:04:01 - 408: Request timeout
[ERROR] 2024-10-25 11:05:12 - 400: Bad request
[ERROR] 2024-10-25 11:06:23 - 429: Too many requests
[ERROR] 2024-10-25 11:07:34 - 500: Internal server error
[ERROR] 2024-10-25 11:08:45 - 403: Forbidden access
[ERROR] 2024-10-25 11:09:56 - 404: Page not found
[ERROR] 2024-10-25 11:10:07 - 500: Internal server error
[ERROR] 2024-10-25 11:11:18 - 503: Service unavailable
[ERROR] 2024-10-25 11:12:29 - 401: Unauthorized user
[ERROR] 2024-10-25 11:13:30 - 429: Too many requests
[ERROR] 2024-10-25 11:14:41 - 400: Bad request
[ERROR] 2024-10-25 11:15:52 - 502: Bad gateway
